2025-09-10 15:18:49 [main] INFO  org.testng.internal.Utils - [TestNG] Running:
  C:\Users\Admin\git\repository2\AutomationExercise\testng.xml

2025-09-10 15:19:03 [main] INFO  testCases.TC001_RegisterUser - *******TC001_RegisterUser Started******
2025-09-10 15:19:13 [main] INFO  testCases.TC001_RegisterUser - *******TC001_RegisterUser Finished******
2025-09-10 15:37:55 [main] INFO  org.testng.internal.Utils - [TestNG] Running:
  C:\Users\Admin\git\repository2\AutomationExercise\testng.xml

2025-09-10 15:38:35 [main] INFO  testCases.TC001_RegisterUser - *******TC001_RegisterUser Started******
2025-09-10 15:38:42 [main] INFO  testCases.TC001_RegisterUser - *******TC001_RegisterUser Finished******
2025-09-10 15:42:55 [main] INFO  org.testng.internal.Utils - [TestNG] Running:
  C:\Users\Admin\git\repository2\AutomationExercise\testng.xml

2025-09-10 15:43:11 [main] INFO  testCases.TC001_RegisterUser - *******TC001_RegisterUser Started******
2025-09-10 15:43:15 [main] INFO  testCases.TC001_RegisterUser - *******TC001_RegisterUser Finished******
2025-09-10 16:25:41 [main] INFO  org.testng.internal.Utils - [TestNG] Running:
  C:\Users\Admin\git\repository2\AutomationExercise\testng.xml

2025-09-10 16:28:19 [main] INFO  org.testng.internal.Utils - [TestNG] Running:
  C:\Users\Admin\git\repository2\AutomationExercise\testng.xml

2025-09-10 16:28:32 [main] INFO  testCases.TC001_RegisterUser - *******TC001_RegisterUser Started******
2025-09-10 16:28:37 [main] INFO  testCases.TC001_RegisterUser - *******TC001_RegisterUser Finished******
2025-09-10 17:16:33 [main] INFO  org.testng.internal.Utils - [TestNG] Running:
  C:\Users\Admin\git\repository2\AutomationExercise\testng.xml

2025-09-10 17:16:49 [main] INFO  testCases.TC001_RegisterUser - *******TC001_RegisterUser Started******
2025-09-10 17:16:51 [main] INFO  testCases.TC001_RegisterUser - Validation: Verifying the home page visibility
2025-09-10 17:16:55 [main] INFO  testCases.TC001_RegisterUser - Validation: You are now on New User Signup! page
2025-09-10 17:16:58 [main] INFO  testCases.TC001_RegisterUser - *******TC001_RegisterUser Finished******
2025-09-10 17:39:31 [main] INFO  org.testng.internal.Utils - [TestNG] Running:
  C:\Users\Admin\git\repository2\AutomationExercise\testng.xml

2025-09-10 17:39:45 [main] INFO  testCases.TC001_RegisterUser - *******TC001_RegisterUser Started******
2025-09-10 17:39:45 [main] INFO  testCases.TC001_RegisterUser - Validation: Verifying the home page visibility
2025-09-10 17:39:51 [main] INFO  testCases.TC001_RegisterUser - Validation: You are now on New User Signup! page
2025-09-10 17:39:54 [main] INFO  testCases.TC001_RegisterUser - Validation: Verify that 'ENTER ACCOUNT INFORMATION' is visible
2025-09-10 17:39:54 [main] INFO  testCases.TC001_RegisterUser - *******TC001_RegisterUser Finished******
2025-09-10 17:41:34 [main] INFO  org.testng.internal.Utils - [TestNG] Running:
  C:\Users\Admin\git\repository2\AutomationExercise\testng.xml

2025-09-10 17:41:46 [main] INFO  testCases.TC001_RegisterUser - *******TC001_RegisterUser Started******
2025-09-10 17:41:47 [main] INFO  testCases.TC001_RegisterUser - Validation: Verifying the home page visibility
2025-09-10 17:41:48 [main] INFO  testCases.TC001_RegisterUser - Validation: You are now on New User Signup! page
2025-09-10 17:41:50 [main] INFO  testCases.TC001_RegisterUser - Validation: Verify that 'ENTER ACCOUNT INFORMATION' is visible
2025-09-10 17:41:50 [main] INFO  testCases.TC001_RegisterUser - *******TC001_RegisterUser Finished******
2025-09-10 17:42:50 [main] INFO  org.testng.internal.Utils - [TestNG] Running:
  C:\Users\Admin\git\repository2\AutomationExercise\testng.xml

2025-09-10 17:43:04 [main] INFO  testCases.TC001_RegisterUser - *******TC001_RegisterUser Started******
2025-09-10 17:43:12 [main] INFO  testCases.TC001_RegisterUser - Validation: Verifying the home page visibility
2025-09-10 17:43:14 [main] INFO  testCases.TC001_RegisterUser - Validation: You are now on New User Signup! page
2025-09-10 17:43:17 [main] INFO  testCases.TC001_RegisterUser - Validation: Verify that 'ENTER ACCOUNT INFORMATION' is visible
2025-09-10 17:43:17 [main] INFO  testCases.TC001_RegisterUser - *******TC001_RegisterUser Finished******
2025-09-10 20:52:36 [main] INFO  org.testng.internal.Utils - [TestNG] Running:
  C:\Users\Admin\git\repository2\AutomationExercise\testng.xml

2025-09-10 20:52:54 [main] INFO  testCases.TC001_RegisterUser - *******TC001_RegisterUser Started******
2025-09-10 20:52:55 [main] INFO  testCases.TC001_RegisterUser - Validation: Verifying the home page visibility
2025-09-10 20:53:02 [main] INFO  testCases.TC001_RegisterUser - Validation: You are now on New User Signup! page
2025-09-10 20:54:39 [main] INFO  org.testng.internal.Utils - [TestNG] Running:
  C:\Users\Admin\git\repository2\AutomationExercise\testng.xml

2025-09-10 20:55:22 [main] INFO  testCases.TC001_RegisterUser - *******TC001_RegisterUser Started******
2025-09-10 20:55:25 [main] INFO  testCases.TC001_RegisterUser - Validation: Verifying the home page visibility
