2025-09-11 15:45:48 [main] INFO  org.testng.internal.Utils - [TestNG] Running:
  C:\Users\Admin\git\repository2\AutomationExercise\testng.xml

2025-09-11 15:47:52 [main] INFO  org.testng.internal.Utils - [TestNG] Running:
  C:\Users\Admin\git\repository2\AutomationExercise\testng.xml

2025-09-11 15:50:21 [main] INFO  org.testng.internal.Utils - [TestNG] Running:
  C:\Users\Admin\git\repository2\AutomationExercise\testng.xml

2025-09-11 15:50:37 [main] INFO  testCases.TC003_LoginDDT - *************TC003_LoginDDT Started******************
2025-09-11 15:50:43 [main] INFO  testCases.TC003_LoginDDT - Validation: Verify 'Login to your account' is visible
2025-09-11 15:50:57 [main] INFO  testCases.TC003_LoginDDT - *************TC003_LoginDDT Started******************
2025-09-11 15:50:58 [main] INFO  testCases.TC003_LoginDDT - Validation: Verify 'Login to your account' is visible
2025-09-11 15:51:10 [main] INFO  testCases.TC003_LoginDDT - *************TC003_LoginDDT Finished******************
2025-09-11 15:51:10 [main] INFO  testCases.TC003_LoginDDT - *************TC003_LoginDDT Started******************
2025-09-11 15:51:12 [main] INFO  testCases.TC003_LoginDDT - Validation: Verify 'Login to your account' is visible
2025-09-11 15:55:35 [main] INFO  org.testng.internal.Utils - [TestNG] Running:
  C:\Users\Admin\git\repository2\AutomationExercise\testngParallel.xml

2025-09-11 15:59:01 [main] INFO  org.testng.internal.Utils - [TestNG] Running:
  C:\Users\Admin\git\repository2\AutomationExercise\testngParallel.xml

2025-09-11 15:59:10 [main] INFO  testCases.TC003_LoginDDT - *************TC003_LoginDDT Started******************
2025-09-11 16:00:05 [main] INFO  testCases.TC003_LoginDDT - *************TC003_LoginDDT Started******************
2025-09-11 16:00:06 [main] INFO  testCases.TC003_LoginDDT - *************TC003_LoginDDT Started******************
2025-09-11 16:00:47 [main] INFO  org.testng.internal.Utils - [TestNG] Running:
  C:\Users\Admin\git\repository2\AutomationExercise\testngParallel.xml

2025-09-11 16:01:05 [main] INFO  testCases.TC003_LoginDDT - *************TC003_LoginDDT Started******************
2025-09-11 16:01:13 [main] INFO  testCases.TC003_LoginDDT - Validation: Verify 'Login to your account' is visible
2025-09-11 16:01:26 [main] INFO  testCases.TC003_LoginDDT - *************TC003_LoginDDT Started******************
2025-09-11 16:01:27 [main] INFO  testCases.TC003_LoginDDT - Validation: Verify 'Login to your account' is visible
2025-09-11 16:01:34 [main] INFO  testCases.TC003_LoginDDT - *************TC003_LoginDDT Finished******************
2025-09-11 16:01:34 [main] INFO  testCases.TC003_LoginDDT - *************TC003_LoginDDT Started******************
2025-09-11 16:01:36 [main] INFO  testCases.TC003_LoginDDT - Validation: Verify 'Login to your account' is visible
2025-09-11 16:02:19 [main] INFO  testCases.TC003_LoginDDT - *************TC003_LoginDDT Started******************
2025-09-11 16:02:26 [main] INFO  testCases.TC003_LoginDDT - Validation: Verify 'Login to your account' is visible
2025-09-11 16:02:46 [main] INFO  testCases.TC003_LoginDDT - *************TC003_LoginDDT Started******************
2025-09-11 16:02:49 [main] INFO  testCases.TC003_LoginDDT - Validation: Verify 'Login to your account' is visible
2025-09-11 16:03:07 [main] INFO  testCases.TC003_LoginDDT - *************TC003_LoginDDT Finished******************
2025-09-11 16:03:07 [main] INFO  testCases.TC003_LoginDDT - *************TC003_LoginDDT Started******************
2025-09-11 16:03:09 [main] INFO  testCases.TC003_LoginDDT - Validation: Verify 'Login to your account' is visible
2025-09-11 16:04:49 [main] INFO  org.testng.internal.Utils - [TestNG] Running:
  C:\Users\Admin\git\repository2\AutomationExercise\testngParallel.xml

2025-09-11 16:05:12 [TestNG-tests-2] INFO  testCases.TC002_LoginWithValidCredentials - *************TC002_LoginWithValidCredentials Started******************
2025-09-11 16:05:17 [TestNG-tests-2] INFO  testCases.TC002_LoginWithValidCredentials - Validation: Verify 'Login to your account' is visible
2025-09-11 16:05:26 [TestNG-tests-1] INFO  testCases.TC003_LoginDDT - *************TC003_LoginDDT Started******************
2025-09-11 16:05:29 [TestNG-tests-1] INFO  testCases.TC003_LoginDDT - Validation: Verify 'Login to your account' is visible
2025-09-11 16:05:36 [TestNG-tests-2] INFO  testCases.TC002_LoginWithValidCredentials - *************TC002_LoginWithValidCredentials Finished******************
2025-09-11 16:05:46 [TestNG-tests-1] INFO  testCases.TC003_LoginDDT - *************TC003_LoginDDT Started******************
2025-09-11 16:05:47 [TestNG-tests-1] INFO  testCases.TC003_LoginDDT - Validation: Verify 'Login to your account' is visible
2025-09-11 16:05:54 [TestNG-tests-1] INFO  testCases.TC003_LoginDDT - *************TC003_LoginDDT Finished******************
2025-09-11 16:05:54 [TestNG-tests-1] INFO  testCases.TC003_LoginDDT - *************TC003_LoginDDT Started******************
